Build started 12-12-2015 00:50.
     1>Project "C:\Users\kvdin\OneDrive\SoftUni\Open Courses\C_Programming\ExamPreparation\C_Exam_Preparation\forum2\forum2.vcxproj" on node 2 (Build target(s)).
     1>ClCompile:
         C:\Program Files (x86)\Microsoft Visual Studio 14.0\VC\bin\CL.exe /c /ZI /nologo /W3 /WX- /sdl /Od /Oy- /D WIN32 /D _DEBUG /D _CONSOLE /D _UNICODE /D UNICODE /Gm /EHsc /RTC1 /MDd /GS /fp:precise /Zc:wchar_t /Zc:forScope /Zc:inline /Yu"stdafx.h" /Fp"Debug\forum2.pch" /Fo"Debug\\" /Fd"Debug\vc140.pdb" /Gd /TP /analyze- /errorReport:prompt forum2.cpp
         forum2.cpp
     1>c:\users\kvdin\onedrive\softuni\open courses\c_programming\exampreparation\c_exam_preparation\forum2\forum2.cpp(4): warning C4627: '#include <iostream>': skipped when looking for precompiled header use
         c:\users\kvdin\onedrive\softuni\open courses\c_programming\exampreparation\c_exam_preparation\forum2\forum2.cpp(4): note: Add directive to 'stdafx.h' or rebuild precompiled header
     1>c:\users\kvdin\onedrive\softuni\open courses\c_programming\exampreparation\c_exam_preparation\forum2\forum2.cpp(21): fatal error C1010: unexpected end of file while looking for precompiled header. Did you forget to add '#include "stdafx.h"' to your source?
     1>Done Building Project "C:\Users\kvdin\OneDrive\SoftUni\Open Courses\C_Programming\ExamPreparation\C_Exam_Preparation\forum2\forum2.vcxproj" (Build target(s)) -- FAILED.

Build FAILED.

Time Elapsed 00:00:00.14
