# JRE version: Java(TM) SE Runtime Environment (8.0_05-b13) (build 1.8.0_05-b13)
# Java VM: Java HotSpot(TM) 64-Bit Server VM (25.5-b02 mixed mode windows-amd64 compressed oops)
Heap:
 PSYoungGen      total 1024K, used 648K [0x00000000d5d00000, 0x00000000d5f00000, 0x0000000100000000)
  eden space 512K, 32% used [0x00000000d5d00000,0x00000000d5d2a1e0,0x00000000d5d80000)
  from space 512K, 93% used [0x00000000d5e00000,0x00000000d5e78020,0x00000000d5e80000)
  to   space 512K, 0% used [0x00000000d5d80000,0x00000000d5d80000,0x00000000d5e00000)
 ParOldGen       total 129536K, used 144K [0x0000000081600000, 0x0000000089480000, 0x00000000d5d00000)
  object space 129536K, 0% used [0x0000000081600000,0x0000000081624010,0x0000000089480000)
 Metaspace       used 3568K, capacity 4544K, committed 4864K, reserved 1056768K
  class space    used 401K, capacity 428K, committed 512K, reserved 1048576K
GC Heap History (4 events):
Event: 0.077 GC heap before
{Heap before GC invocations=1 (full 0):
 PSYoungGen      total 1024K, used 512K [0x00000000d5d00000, 0x00000000d5e80000, 0x0000000100000000)
  eden space 512K, 100% used [0x00000000d5d00000,0x00000000d5d80000,0x00000000d5d80000)
  from space 512K, 0% used [0x00000000d5e00000,0x00000000d5e00000,0x00000000d5e80000)
  to   space 512K, 0% used [0x00000000d5d80000,0x00000000d5d80000,0x00000000d5e00000)
 ParOldGen       total 129536K, used 0K [0x0000000081600000, 0x0000000089480000, 0x00000000d5d00000)
  object space 129536K, 0% used [0x0000000081600000,0x0000000081600000,0x0000000089480000)
 Metaspace       used 2553K, capacity 4480K, committed 4480K, reserved 1056768K
  class space    used 274K, capacity 384K, committed 384K, reserved 1048576K
Event: 0.077 GC heap after
Heap after GC invocations=1 (full 0):
 PSYoungGen      total 1024K, used 416K [0x00000000d5d00000, 0x00000000d5e80000, 0x0000000100000000)
  eden space 512K, 0% used [0x00000000d5d00000,0x00000000d5d00000,0x00000000d5d80000)
  from space 512K, 81% used [0x00000000d5d80000,0x00000000d5de8000,0x00000000d5e00000)
  to   space 512K, 0% used [0x00000000d5e00000,0x00000000d5e00000,0x00000000d5e80000)
 ParOldGen       total 129536K, used 8K [0x0000000081600000, 0x0000000089480000, 0x00000000d5d00000)
  object space 129536K, 0% used [0x0000000081600000,0x0000000081602000,0x0000000089480000)
 Metaspace       used 2553K, capacity 4480K, committed 4480K, reserved 1056768K
  class space    used 274K, capacity 384K, committed 384K, reserved 1048576K
}
Event: 0.110 GC heap before
{Heap before GC invocations=2 (full 0):
 PSYoungGen      total 1024K, used 928K [0x00000000d5d00000, 0x00000000d5e80000, 0x0000000100000000)
  eden space 512K, 100% used [0x00000000d5d00000,0x00000000d5d80000,0x00000000d5d80000)
  from space 512K, 81% used [0x00000000d5d80000,0x00000000d5de8000,0x00000000d5e00000)
  to   space 512K, 0% used [0x00000000d5e00000,0x00000000d5e00000,0x00000000d5e80000)
 ParOldGen       total 129536K, used 8K [0x0000000081600000, 0x0000000089480000, 0x00000000d5d00000)
  object space 129536K, 0% used [0x0000000081600000,0x0000000081602000,0x0000000089480000)
 Metaspace       used 3262K, capacity 4486K, committed 4864K, reserved 1056768K
  class space    used 366K, capacity 386K, committed 512K, reserved 1048576K
Event: 0.110 GC heap after
Heap after GC invocations=2 (full 0):
 PSYoungGen      total 1024K, used 480K [0x00000000d5d00000, 0x00000000d5f00000, 0x0000000100000000)
  eden space 512K, 0% used [0x00000000d5d00000,0x00000000d5d00000,0x00000000d5d80000)
  from space 512K, 93% used [0x00000000d5e00000,0x00000000d5e78020,0x00000000d5e80000)
  to   space 512K, 0% used [0x00000000d5d80000,0x00000000d5d80000,0x00000000d5e00000)
 ParOldGen       total 129536K, used 144K [0x0000000081600000, 0x0000000089480000, 0x00000000d5d00000)
  object space 129536K, 0% used [0x0000000081600000,0x0000000081624010,0x0000000089480000)
 Metaspace       used 3262K, capacity 4486K, committed 4864K, reserved 1056768K
  class space    used 366K, capacity 386K, committed 512K, reserved 1048576K
}

